<?xml version="1.0" encoding="UTF-8"?>
<!-- Generated by org.testng.reporters.JUnitXMLReporter -->
<testsuite ignored="0" hostname="WINDOW" failures="0" tests="4" name="LoginTests" time="27.055" errors="0" timestamp="2025-09-18T20:33:32 IST">
  <testcase classname="com.Test.LoginTest" name="testLoginWithBlankFieldsShowsError" time="6.466"/>
  <testcase classname="com.Test.LoginTest" name="testInvalidLoginShowsError" time="6.375"/>
  <testcase classname="com.Test.LoginTest" name="testPasswordMaskedButton" time="0.321"/>
  <testcase classname="com.Test.LoginTest" name="testPageElementsPresence" time="0.167"/>
</testsuite> <!-- LoginTests -->
