<?xml version="1.0" encoding="UTF-8"?>
<testng-results ignored="0" total="4" passed="4" failed="0" skipped="0">
  <reporter-output>
  </reporter-output>
  <suite started-at="2025-09-18T20:33:05 IST" name="JanitriLoginAutomationSuite" finished-at="2025-09-18T20:33:32 IST" duration-ms="27055">
    <groups>
    </groups>
    <test started-at="2025-09-18T20:33:05 IST" name="LoginTests" finished-at="2025-09-18T20:33:32 IST" duration-ms="27055">
      <class name="com.Test.LoginTest">
        <test-method is-config="true" signature="setUp()[pri:0, instance:com.Test.LoginTest@3349e9bb]" started-at="2025-09-18T20:33:05 IST" name="setUp" finished-at="2025-09-18T20:33:10 IST" duration-ms="4926" status="PASS">
          <reporter-output>
          </reporter-output>
        </test-method> <!-- setUp -->
        <test-method signature="testLoginWithBlankFieldsShowsError()[pri:1, instance:com.Test.LoginTest@3349e9bb]" started-at="2025-09-18T20:33:10 IST" name="testLoginWithBlankFieldsShowsError" finished-at="2025-09-18T20:33:16 IST" duration-ms="6466" status="PASS">
          <reporter-output>
          </reporter-output>
        </test-method> <!-- testLoginWithBlankFieldsShowsError -->
        <test-method is-config="true" signature="tearDown()[pri:0, instance:com.Test.LoginTest@3349e9bb]" started-at="2025-09-18T20:33:16 IST" name="tearDown" finished-at="2025-09-18T20:33:17 IST" duration-ms="208" status="PASS">
          <reporter-output>
          </reporter-output>
        </test-method> <!-- tearDown -->
        <test-method is-config="true" signature="setUp()[pri:0, instance:com.Test.LoginTest@3349e9bb]" started-at="2025-09-18T20:33:17 IST" name="setUp" finished-at="2025-09-18T20:33:19 IST" duration-ms="2321" status="PASS">
          <reporter-output>
          </reporter-output>
        </test-method> <!-- setUp -->
        <test-method signature="testInvalidLoginShowsError()[pri:2, instance:com.Test.LoginTest@3349e9bb]" started-at="2025-09-18T20:33:19 IST" name="testInvalidLoginShowsError" finished-at="2025-09-18T20:33:25 IST" duration-ms="6375" status="PASS">
          <reporter-output>
          </reporter-output>
        </test-method> <!-- testInvalidLoginShowsError -->
        <test-method is-config="true" signature="tearDown()[pri:0, instance:com.Test.LoginTest@3349e9bb]" started-at="2025-09-18T20:33:25 IST" name="tearDown" finished-at="2025-09-18T20:33:26 IST" duration-ms="233" status="PASS">
          <reporter-output>
          </reporter-output>
        </test-method> <!-- tearDown -->
        <test-method is-config="true" signature="setUp()[pri:0, instance:com.Test.LoginTest@3349e9bb]" started-at="2025-09-18T20:33:26 IST" name="setUp" finished-at="2025-09-18T20:33:28 IST" duration-ms="2656" status="PASS">
          <reporter-output>
          </reporter-output>
        </test-method> <!-- setUp -->
        <test-method signature="testPasswordMaskedButton()[pri:3, instance:com.Test.LoginTest@3349e9bb]" started-at="2025-09-18T20:33:28 IST" name="testPasswordMaskedButton" finished-at="2025-09-18T20:33:29 IST" duration-ms="321" status="PASS">
          <reporter-output>
          </reporter-output>
        </test-method> <!-- testPasswordMaskedButton -->
        <test-method is-config="true" signature="tearDown()[pri:0, instance:com.Test.LoginTest@3349e9bb]" started-at="2025-09-18T20:33:29 IST" name="tearDown" finished-at="2025-09-18T20:33:29 IST" duration-ms="208" status="PASS">
          <reporter-output>
          </reporter-output>
        </test-method> <!-- tearDown -->
        <test-method is-config="true" signature="setUp()[pri:0, instance:com.Test.LoginTest@3349e9bb]" started-at="2025-09-18T20:33:29 IST" name="setUp" finished-at="2025-09-18T20:33:32 IST" duration-ms="2936" status="PASS">
          <reporter-output>
          </reporter-output>
        </test-method> <!-- setUp -->
        <test-method signature="testPageElementsPresence()[pri:4, instance:com.Test.LoginTest@3349e9bb]" started-at="2025-09-18T20:33:32 IST" name="testPageElementsPresence" finished-at="2025-09-18T20:33:32 IST" duration-ms="167" status="PASS">
          <reporter-output>
          </reporter-output>
        </test-method> <!-- testPageElementsPresence -->
        <test-method is-config="true" signature="tearDown()[pri:0, instance:com.Test.LoginTest@3349e9bb]" started-at="2025-09-18T20:33:32 IST" name="tearDown" finished-at="2025-09-18T20:33:32 IST" duration-ms="200" status="PASS">
          <reporter-output>
          </reporter-output>
        </test-method> <!-- tearDown -->
      </class> <!-- com.Test.LoginTest -->
    </test> <!-- LoginTests -->
  </suite> <!-- JanitriLoginAutomationSuite -->
</testng-results>
